c:\users\jace\downloads\comm\msgpassingcomm\debug\vc142.pdb
c:\users\jace\downloads\comm\msgpassingcomm\debug\vc142.idb
c:\users\jace\downloads\comm\msgpassingcomm\debug\comm.obj
c:\users\jace\downloads\comm\debug\msgpassingcomm.pdb
c:\users\jace\downloads\comm\msgpassingcomm\debug\msgpassingcomm.tlog\cl.command.1.tlog
c:\users\jace\downloads\comm\msgpassingcomm\debug\msgpassingcomm.tlog\cl.read.1.tlog
c:\users\jace\downloads\comm\msgpassingcomm\debug\msgpassingcomm.tlog\cl.write.1.tlog
c:\users\jace\downloads\comm\msgpassingcomm\debug\msgpassingcomm.tlog\link-cvtres.read.1.tlog
c:\users\jace\downloads\comm\msgpassingcomm\debug\msgpassingcomm.tlog\link-cvtres.write.1.tlog
c:\users\jace\downloads\comm\msgpassingcomm\debug\msgpassingcomm.tlog\link-rc.read.1.tlog
c:\users\jace\downloads\comm\msgpassingcomm\debug\msgpassingcomm.tlog\link-rc.write.1.tlog
c:\users\jace\downloads\comm\msgpassingcomm\debug\msgpassingcomm.tlog\link.8904-cvtres.read.1.tlog
c:\users\jace\downloads\comm\msgpassingcomm\debug\msgpassingcomm.tlog\link.8904-cvtres.write.1.tlog
c:\users\jace\downloads\comm\msgpassingcomm\debug\msgpassingcomm.tlog\link.8904-rc.read.1.tlog
c:\users\jace\downloads\comm\msgpassingcomm\debug\msgpassingcomm.tlog\link.8904-rc.write.1.tlog
c:\users\jace\downloads\comm\msgpassingcomm\debug\msgpassingcomm.tlog\link.8904.read.1.tlog
c:\users\jace\downloads\comm\msgpassingcomm\debug\msgpassingcomm.tlog\link.8904.write.1.tlog
c:\users\jace\downloads\comm\msgpassingcomm\debug\msgpassingcomm.tlog\link.command.1.tlog
c:\users\jace\downloads\comm\msgpassingcomm\debug\msgpassingcomm.tlog\link.read.1.tlog
c:\users\jace\downloads\comm\msgpassingcomm\debug\msgpassingcomm.tlog\link.write.1.tlog
