  cApp.cpp
cApp.obj : error LNK2001: unresolved external symbol "protected: virtual class wxRefCounter * __cdecl wxObject::CreateRefData(void)const " (?CreateRefData@wxObject@@MEBAPEAVwxRefCounter@@XZ)
cApp.obj : error LNK2001: unresolved external symbol "protected: virtual class wxRefCounter * __cdecl wxObject::CloneRefData(class wxRefCounter const *)const " (?CloneRefData@wxObject@@MEBAPEAVwxRefCounter@@PEBV2@@Z)
cApp.obj : error LNK2001: unresolved external symbol "public: virtual bool __cdecl wxEvtHandler::ProcessEvent(class wxEvent &)" (?ProcessEvent@wxEvtHandler@@UEAA_NAEAVwxEvent@@@Z)
cApp.obj : error LNK2001: unresolved external symbol "public: virtual void __cdecl wxEvtHandler::QueueEvent(class wxEvent *)" (?QueueEvent@wxEvtHandler@@UEAAXPEAVwxEvent@@@Z)
cApp.obj : error LNK2001: unresolved external symbol "public: virtual bool __cdecl wxEvtHandler::SearchEventTable(struct wxEventTable &,class wxEvent &)" (?SearchEventTable@wxEvtHandler@@UEAA_NAEAUwxEventTable@@AEAVwxEvent@@@Z)
cApp.obj : error LNK2001: unresolved external symbol "protected: virtual bool __cdecl wxEvtHandler::TryBefore(class wxEvent &)" (?TryBefore@wxEvtHandler@@MEAA_NAEAVwxEvent@@@Z)
cApp.obj : error LNK2001: unresolved external symbol "protected: virtual bool __cdecl wxEvtHandler::TryAfter(class wxEvent &)" (?TryAfter@wxEvtHandler@@MEAA_NAEAVwxEvent@@@Z)
cApp.obj : error LNK2001: unresolved external symbol "protected: virtual void __cdecl wxEvtHandler::DoSetClientObject(class wxClientData *)" (?DoSetClientObject@wxEvtHandler@@MEAAXPEAVwxClientData@@@Z)
cApp.obj : error LNK2001: unresolved external symbol "protected: virtual class wxClientData * __cdecl wxEvtHandler::DoGetClientObject(void)const " (?DoGetClientObject@wxEvtHandler@@MEBAPEAVwxClientData@@XZ)
cApp.obj : error LNK2001: unresolved external symbol "protected: virtual void __cdecl wxEvtHandler::DoSetClientData(void *)" (?DoSetClientData@wxEvtHandler@@MEAAXPEAX@Z)
cApp.obj : error LNK2001: unresolved external symbol "protected: virtual void * __cdecl wxEvtHandler::DoGetClientData(void)const " (?DoGetClientData@wxEvtHandler@@MEBAPEAXXZ)
cApp.obj : error LNK2001: unresolved external symbol "public: virtual void __cdecl wxAppConsoleBase::OnLaunched(void)" (?OnLaunched@wxAppConsoleBase@@UEAAXXZ)
cApp.obj : error LNK2001: unresolved external symbol "public: virtual void __cdecl wxAppConsoleBase::Exit(void)" (?Exit@wxAppConsoleBase@@UEAAXXZ)
cApp.obj : error LNK2001: unresolved external symbol "public: virtual bool __cdecl wxAppConsoleBase::OnCmdLineHelp(class wxCmdLineParser &)" (?OnCmdLineHelp@wxAppConsoleBase@@UEAA_NAEAVwxCmdLineParser@@@Z)
cApp.obj : error LNK2001: unresolved external symbol "public: virtual bool __cdecl wxAppConsoleBase::OnCmdLineError(class wxCmdLineParser &)" (?OnCmdLineError@wxAppConsoleBase@@UEAA_NAEAVwxCmdLineParser@@@Z)
cApp.obj : error LNK2001: unresolved external symbol "public: virtual void __cdecl wxAppConsoleBase::SetCLocale(void)" (?SetCLocale@wxAppConsoleBase@@UEAAXXZ)
cApp.obj : error LNK2001: unresolved external symbol "public: virtual int __cdecl wxAppConsoleBase::FilterEvent(class wxEvent &)" (?FilterEvent@wxAppConsoleBase@@UEAAHAEAVwxEvent@@@Z)
cApp.obj : error LNK2001: unresolved external symbol "public: virtual void __cdecl wxAppConsoleBase::CallEventHandler(class wxEvtHandler *,class wxEventFunctor &,class wxEvent &)const " (?CallEventHandler@wxAppConsoleBase@@UEBAXPEAVwxEvtHandler@@AEAVwxEventFunctor@@AEAVwxEvent@@@Z)
cApp.obj : error LNK2001: unresolved external symbol "public: virtual void __cdecl wxAppConsoleBase::HandleEvent(class wxEvtHandler *,void (__cdecl wxEvtHandler::*)(class wxEvent &),class wxEvent &)const " (?HandleEvent@wxAppConsoleBase@@UEBAXPEAVwxEvtHandler@@P82@EAAXAEAVwxEvent@@@Z1@Z)
cApp.obj : error LNK2001: unresolved external symbol "public: virtual void __cdecl wxAppConsoleBase::OnUnhandledException(void)" (?OnUnhandledException@wxAppConsoleBase@@UEAAXXZ)
cApp.obj : error LNK2001: unresolved external symbol "public: virtual bool __cdecl wxAppConsoleBase::StoreCurrentException(void)" (?StoreCurrentException@wxAppConsoleBase@@UEAA_NXZ)
cApp.obj : error LNK2001: unresolved external symbol "public: virtual void __cdecl wxAppConsoleBase::RethrowStoredException(void)" (?RethrowStoredException@wxAppConsoleBase@@UEAAXXZ)
cApp.obj : error LNK2001: unresolved external symbol "public: virtual void __cdecl wxAppConsoleBase::ProcessPendingEvents(void)" (?ProcessPendingEvents@wxAppConsoleBase@@UEAAXXZ)
cApp.obj : error LNK2001: unresolved external symbol "public: virtual bool __cdecl wxAppConsoleBase::Pending(void)" (?Pending@wxAppConsoleBase@@UEAA_NXZ)
cApp.obj : error LNK2001: unresolved external symbol "public: virtual bool __cdecl wxAppConsoleBase::Dispatch(void)" (?Dispatch@wxAppConsoleBase@@UEAA_NXZ)
cApp.obj : error LNK2001: unresolved external symbol "public: virtual int __cdecl wxAppConsoleBase::MainLoop(void)" (?MainLoop@wxAppConsoleBase@@UEAAHXZ)
cApp.obj : error LNK2001: unresolved external symbol "public: virtual void __cdecl wxAppConsoleBase::ExitMainLoop(void)" (?ExitMainLoop@wxAppConsoleBase@@UEAAXXZ)
cApp.obj : error LNK2001: unresolved external symbol "public: virtual void __cdecl wxAppConsoleBase::OnAssertFailure(wchar_t const *,int,wchar_t const *,wchar_t const *,wchar_t const *)" (?OnAssertFailure@wxAppConsoleBase@@UEAAXPEB_WH000@Z)
cApp.obj : error LNK2001: unresolved external symbol "public: virtual void __cdecl wxAppConsoleBase::OnAssert(wchar_t const *,int,wchar_t const *,wchar_t const *)" (?OnAssert@wxAppConsoleBase@@UEAAXPEB_WH00@Z)
cApp.obj : error LNK2001: unresolved external symbol "public: virtual bool __cdecl wxAppBase::OnInitGui(void)" (?OnInitGui@wxAppBase@@UEAA_NXZ)
cApp.obj : error LNK2001: unresolved external symbol "public: virtual int __cdecl wxAppBase::OnRun(void)" (?OnRun@wxAppBase@@UEAAHXZ)
cApp.obj : error LNK2001: unresolved external symbol "public: virtual int __cdecl wxAppBase::OnExit(void)" (?OnExit@wxAppBase@@UEAAHXZ)
cApp.obj : error LNK2001: unresolved external symbol "public: virtual bool __cdecl wxAppBase::SafeYield(class wxWindow *,bool)" (?SafeYield@wxAppBase@@UEAA_NPEAVwxWindow@@_N@Z)
cApp.obj : error LNK2001: unresolved external symbol "public: virtual bool __cdecl wxAppBase::SafeYieldFor(class wxWindow *,long)" (?SafeYieldFor@wxAppBase@@UEAA_NPEAVwxWindow@@J@Z)
cApp.obj : error LNK2001: unresolved external symbol "public: virtual bool __cdecl wxAppBase::ProcessIdle(void)" (?ProcessIdle@wxAppBase@@UEAA_NXZ)
cApp.obj : error LNK2001: unresolved external symbol "public: virtual class wxWindow * __cdecl wxAppBase::GetTopWindow(void)const " (?GetTopWindow@wxAppBase@@UEBAPEAVwxWindow@@XZ)
cApp.obj : error LNK2001: unresolved external symbol "public: virtual struct wxVideoMode __cdecl wxAppBase::GetDisplayMode(void)const " (?GetDisplayMode@wxAppBase@@UEBA?AUwxVideoMode@@XZ)
cApp.obj : error LNK2001: unresolved external symbol "public: virtual enum wxLayoutDirection __cdecl wxAppBase::GetLayoutDirection(void)const " (?GetLayoutDirection@wxAppBase@@UEBA?AW4wxLayoutDirection@@XZ)
cApp.obj : error LNK2001: unresolved external symbol "public: virtual bool __cdecl wxAppBase::OnCmdLineParsed(class wxCmdLineParser &)" (?OnCmdLineParsed@wxAppBase@@UEAA_NAEAVwxCmdLineParser@@@Z)
cApp.obj : error LNK2001: unresolved external symbol "public: virtual void __cdecl wxAppBase::OnInitCmdLine(class wxCmdLineParser &)" (?OnInitCmdLine@wxAppBase@@UEAAXAEAVwxCmdLineParser@@@Z)
cApp.obj : error LNK2001: unresolved external symbol "public: virtual void __cdecl wxAppBase::SetActive(bool,class wxWindow *)" (?SetActive@wxAppBase@@UEAAX_NPEAVwxWindow@@@Z)
cApp.obj : error LNK2001: unresolved external symbol "protected: virtual class wxAppTraits * __cdecl wxAppBase::CreateTraits(void)" (?CreateTraits@wxAppBase@@MEAAPEAVwxAppTraits@@XZ)
cApp.obj : error LNK2019: unresolved external symbol "public: __cdecl wxApp::wxApp(void)" (??0wxApp@@QEAA@XZ) referenced in function "public: __cdecl cApp::cApp(void)" (??0cApp@@QEAA@XZ)
cApp.obj : error LNK2019: unresolved external symbol "public: virtual __cdecl wxApp::~wxApp(void)" (??1wxApp@@UEAA@XZ) referenced in function "public: virtual __cdecl cApp::~cApp(void)" (??1cApp@@UEAA@XZ)
cApp.obj : error LNK2001: unresolved external symbol "public: virtual bool __cdecl wxApp::Initialize(int &,wchar_t * *)" (?Initialize@wxApp@@UEAA_NAEAHPEAPEA_W@Z)
cApp.obj : error LNK2001: unresolved external symbol "public: virtual void __cdecl wxApp::CleanUp(void)" (?CleanUp@wxApp@@UEAAXXZ)
cApp.obj : error LNK2001: unresolved external symbol "public: virtual void __cdecl wxApp::WakeUpIdle(void)" (?WakeUpIdle@wxApp@@UEAAXXZ)
cApp.obj : error LNK2001: unresolved external symbol "public: virtual bool __cdecl wxApp::OnExceptionInMainLoop(void)" (?OnExceptionInMainLoop@wxApp@@UEAA_NXZ)
cApp.obj : error LNK2001: unresolved external symbol "protected: virtual struct wxEventTable const * __cdecl wxApp::GetEventTable(void)const " (?GetEventTable@wxApp@@MEBAPEBUwxEventTable@@XZ)
cApp.obj : error LNK2001: unresolved external symbol "protected: virtual class wxEventHashTable & __cdecl wxApp::GetEventHashTable(void)const " (?GetEventHashTable@wxApp@@MEBAAEAVwxEventHashTable@@XZ)
cApp.obj : error LNK2001: unresolved external symbol "public: virtual class wxClassInfo * __cdecl wxApp::GetClassInfo(void)const " (?GetClassInfo@wxApp@@UEBAPEAVwxClassInfo@@XZ)
MSVCRTD.lib(exe_winmain.obj) : error LNK2019: unresolved external symbol WinMain referenced in function "int __cdecl invoke_main(void)" (?invoke_main@@YAHXZ)
C:\Users\micha\Downloads\wxWidgets-3.1.3\lib\vc_lib\wxbase31ud.lib : warning LNK4272: library machine type 'x86' conflicts with target machine type 'x64'
C:\Users\micha\Downloads\wxWidgets-3.1.3\lib\vc_lib\wxbase31ud_net.lib : warning LNK4272: library machine type 'x86' conflicts with target machine type 'x64'
C:\Users\micha\Downloads\wxWidgets-3.1.3\lib\vc_lib\wxbase31ud_xml.lib : warning LNK4272: library machine type 'x86' conflicts with target machine type 'x64'
C:\Users\micha\Downloads\wxWidgets-3.1.3\lib\vc_lib\wxexpatd.lib : warning LNK4272: library machine type 'x86' conflicts with target machine type 'x64'
C:\Users\micha\Downloads\wxWidgets-3.1.3\lib\vc_lib\wxregexud.lib : warning LNK4272: library machine type 'x86' conflicts with target machine type 'x64'
C:\Users\micha\Downloads\wxWidgets-3.1.3\lib\vc_lib\wxzlibd.lib : warning LNK4272: library machine type 'x86' conflicts with target machine type 'x64'
C:\Users\micha\Downloads\wxWidgets-3.1.3\lib\vc_lib\wxjpegd.lib : warning LNK4272: library machine type 'x86' conflicts with target machine type 'x64'
C:\Users\micha\Downloads\wxWidgets-3.1.3\lib\vc_lib\wxpngd.lib : warning LNK4272: library machine type 'x86' conflicts with target machine type 'x64'
C:\Users\micha\Downloads\wxWidgets-3.1.3\lib\vc_lib\wxtiffd.lib : warning LNK4272: library machine type 'x86' conflicts with target machine type 'x64'
C:\Users\micha\Downloads\wxWidgets-3.1.3\lib\vc_lib\wxscintillad.lib : warning LNK4272: library machine type 'x86' conflicts with target machine type 'x64'
C:\Users\micha\Downloads\wxWidgets-3.1.3\lib\vc_lib\wxmsw31ud_core.lib : warning LNK4272: library machine type 'x86' conflicts with target machine type 'x64'
C:\Users\micha\Downloads\wxWidgets-3.1.3\lib\vc_lib\wxmsw31ud_html.lib : warning LNK4272: library machine type 'x86' conflicts with target machine type 'x64'
C:\Users\micha\Downloads\wxWidgets-3.1.3\lib\vc_lib\wxmsw31ud_qa.lib : warning LNK4272: library machine type 'x86' conflicts with target machine type 'x64'
C:\Users\micha\Downloads\wxWidgets-3.1.3\lib\vc_lib\wxmsw31ud_xrc.lib : warning LNK4272: library machine type 'x86' conflicts with target machine type 'x64'
C:\Users\micha\Downloads\wxWidgets-3.1.3\lib\vc_lib\wxmsw31ud_aui.lib : warning LNK4272: library machine type 'x86' conflicts with target machine type 'x64'
C:\Users\micha\Downloads\wxWidgets-3.1.3\lib\vc_lib\wxmsw31ud_propgrid.lib : warning LNK4272: library machine type 'x86' conflicts with target machine type 'x64'
C:\Users\micha\Downloads\wxWidgets-3.1.3\lib\vc_lib\wxmsw31ud_ribbon.lib : warning LNK4272: library machine type 'x86' conflicts with target machine type 'x64'
C:\Users\micha\Downloads\wxWidgets-3.1.3\lib\vc_lib\wxmsw31ud_richtext.lib : warning LNK4272: library machine type 'x86' conflicts with target machine type 'x64'
C:\Users\micha\Downloads\wxWidgets-3.1.3\lib\vc_lib\wxmsw31ud_media.lib : warning LNK4272: library machine type 'x86' conflicts with target machine type 'x64'
C:\Users\micha\Downloads\wxWidgets-3.1.3\lib\vc_lib\wxmsw31ud_stc.lib : warning LNK4272: library machine type 'x86' conflicts with target machine type 'x64'
C:\Users\micha\Downloads\wxWidgets-3.1.3\lib\vc_lib\wxmsw31ud_webview.lib : warning LNK4272: library machine type 'x86' conflicts with target machine type 'x64'
C:\Users\micha\Downloads\wxWidgets-3.1.3\lib\vc_lib\wxmsw31ud_gl.lib : warning LNK4272: library machine type 'x86' conflicts with target machine type 'x64'
C:\Users\micha\source\repos\project4\x64\Debug\project4.exe : fatal error LNK1120: 52 unresolved externals
